<?xml version="1.0" encoding="UTF-8"?>
<testsuite xmlns:xsi="http://www.w3.org/2001/XMLSchema-instance" xsi:noNamespaceSchemaLocation="https://maven.apache.org/surefire/maven-surefire-plugin/xsd/surefire-test-report-3.0.xsd" version="3.0" name="triangle.TriangleBVATest" time="0.013" tests="8" errors="0" skipped="0" failures="0">
  <properties>
[...]
</properties>
  <testcase name="testBVA_T01" classname="triangle.TriangleBVATest" time="0.002"/>
  <testcase name="testBVA_T02" classname="triangle.TriangleBVATest" time="0.001"/>
  <testcase name="testBVA_T03" classname="triangle.TriangleBVATest" time="0.002"/>
  <testcase name="testBVA_T04" classname="triangle.TriangleBVATest" time="0.001"/>
  <testcase name="testBVA_T05" classname="triangle.TriangleBVATest" time="0.001"/>
  <testcase name="testBVA_T06" classname="triangle.TriangleBVATest" time="0"/>
  <testcase name="testBVA_T07" classname="triangle.TriangleBVATest" time="0"/>
  <testcase name="testBVA_T08" classname="triangle.TriangleBVATest" time="0"/>
</testsuite>